<?xml version="1.0" encoding="UTF-8"?>
<testsuite name="com.eds.eds.EmergencyDetectionSystemApplicationTests" tests="1" skipped="0" failures="0" errors="0" timestamp="2020-06-04T20:46:55" hostname="sulemaez" time="0.718">
  <properties/>
  <testcase name="contextLoads()" classname="com.eds.eds.EmergencyDetectionSystemApplicationTests" time="0.718"/>
  <system-out><![CDATA[23:46:46.407 [Test worker] DEBUG org.springframework.test.context.BootstrapUtils - Instantiating CacheAwareContextLoaderDelegate from class [org.springframework.test.context.cache.DefaultCacheAwareContextLoaderDelegate]
23:46:46.425 [Test worker] DEBUG org.springframework.test.context.BootstrapUtils - Instantiating BootstrapContext using constructor [public org.springframework.test.context.support.DefaultBootstrapContext(java.lang.Class,org.springframework.test.context.CacheAwareContextLoaderDelegate)]
23:46:46.477 [Test worker] DEBUG org.springframework.test.context.BootstrapUtils - Instantiating TestContextBootstrapper for test class [com.eds.eds.EmergencyDetectionSystemApplicationTests] from class [org.springframework.boot.test.context.SpringBootTestContextBootstrapper]
23:46:46.497 [Test worker] INFO org.springframework.boot.test.context.SpringBootTestContextBootstrapper - Neither @ContextConfiguration nor @ContextHierarchy found for test class [com.eds.eds.EmergencyDetectionSystemApplicationTests], using SpringBootContextLoader
23:46:46.505 [Test worker] DEBUG org.springframework.test.context.support.AbstractContextLoader - Did not detect default resource location for test class [com.eds.eds.EmergencyDetectionSystemApplicationTests]: class path resource [com/eds/eds/EmergencyDetectionSystemApplicationTests-context.xml] does not exist
23:46:46.506 [Test worker] DEBUG org.springframework.test.context.support.AbstractContextLoader - Did not detect default resource location for test class [com.eds.eds.EmergencyDetectionSystemApplicationTests]: class path resource [com/eds/eds/EmergencyDetectionSystemApplicationTestsContext.groovy] does not exist
23:46:46.507 [Test worker] INFO org.springframework.test.context.support.AbstractContextLoader - Could not detect default resource locations for test class [com.eds.eds.EmergencyDetectionSystemApplicationTests]: no resource found for suffixes {-context.xml, Context.groovy}.
23:46:46.509 [Test worker] INFO org.springframework.test.context.support.AnnotationConfigContextLoaderUtils - Could not detect default configuration classes for test class [com.eds.eds.EmergencyDetectionSystemApplicationTests]: EmergencyDetectionSystemApplicationTests does not declare any static, non-private, non-final, nested classes annotated with @Configuration.
23:46:46.581 [Test worker] DEBUG org.springframework.test.context.support.ActiveProfilesUtils - Could not find an 'annotation declaring class' for annotation type [org.springframework.test.context.ActiveProfiles] and class [com.eds.eds.EmergencyDetectionSystemApplicationTests]
23:46:46.663 [Test worker] DEBUG org.springframework.context.annotation.ClassPathScanningCandidateComponentProvider - Identified candidate component class: file [/home/sulemaez/Desktop/project/mainFiles/adminapi/build/classes/java/main/com/eds/eds/EmergencyDetectionSystemApplication.class]
23:46:46.664 [Test worker] INFO org.springframework.boot.test.context.SpringBootTestContextBootstrapper - Found @SpringBootConfiguration com.eds.eds.EmergencyDetectionSystemApplication for test class com.eds.eds.EmergencyDetectionSystemApplicationTests
23:46:46.801 [Test worker] DEBUG org.springframework.boot.test.context.SpringBootTestContextBootstrapper - @TestExecutionListeners is not present for class [com.eds.eds.EmergencyDetectionSystemApplicationTests]: using defaults.
23:46:46.802 [Test worker] INFO org.springframework.boot.test.context.SpringBootTestContextBootstrapper - Loaded default TestExecutionListener class names from location [META-INF/spring.factories]: [org.springframework.boot.test.autoconfigure.restdocs.RestDocsTestExecutionListener, org.springframework.boot.test.autoconfigure.web.client.MockRestServiceServerResetTestExecutionListener, org.springframework.boot.test.autoconfigure.web.servlet.MockMvcPrintOnlyOnFailureTestExecutionListener, org.springframework.boot.test.autoconfigure.web.servlet.WebDriverTestExecutionListener, org.springframework.boot.test.autoconfigure.webservices.client.MockWebServiceServerTestExecutionListener, org.springframework.boot.test.mock.mockito.MockitoTestExecutionListener, org.springframework.boot.test.mock.mockito.ResetMocksTestExecutionListener, org.springframework.test.context.web.ServletTestExecutionListener, org.springframework.test.context.support.DirtiesContextBeforeModesTestExecutionListener, org.springframework.test.context.support.DependencyInjectionTestExecutionListener, org.springframework.test.context.support.DirtiesContextTestExecutionListener, org.springframework.test.context.transaction.TransactionalTestExecutionListener, org.springframework.test.context.jdbc.SqlScriptsTestExecutionListener, org.springframework.test.context.event.EventPublishingTestExecutionListener]
23:46:46.831 [Test worker] INFO org.springframework.boot.test.context.SpringBootTestContextBootstrapper - Using TestExecutionListeners: [org.springframework.test.context.web.ServletTestExecutionListener@660ed86e, org.springframework.test.context.support.DirtiesContextBeforeModesTestExecutionListener@f407d2e, org.springframework.boot.test.mock.mockito.MockitoTestExecutionListener@2ec2a5df, org.springframework.boot.test.autoconfigure.SpringBootDependencyInjectionTestExecutionListener@2a7f6037, org.springframework.test.context.support.DirtiesContextTestExecutionListener@3aa210be, org.springframework.test.context.transaction.TransactionalTestExecutionListener@3687a3c9, org.springframework.test.context.jdbc.SqlScriptsTestExecutionListener@dd0149b, org.springframework.test.context.event.EventPublishingTestExecutionListener@5cffa3ce, org.springframework.boot.test.autoconfigure.restdocs.RestDocsTestExecutionListener@76727f0f, org.springframework.boot.test.autoconfigure.web.client.MockRestServiceServerResetTestExecutionListener@7de003e3, org.springframework.boot.test.autoconfigure.web.servlet.MockMvcPrintOnlyOnFailureTestExecutionListener@7099b408, org.springframework.boot.test.autoconfigure.web.servlet.WebDriverTestExecutionListener@51598806, org.springframework.boot.test.autoconfigure.webservices.client.MockWebServiceServerTestExecutionListener@34360f25, org.springframework.boot.test.mock.mockito.ResetMocksTestExecutionListener@49b4fd5b]
23:46:46.835 [Test worker] DEBUG org.springframework.test.context.support.AbstractDirtiesContextTestExecutionListener - Before test class: context [DefaultTestContext@23bb69a9 testClass = EmergencyDetectionSystemApplicationTests, testInstance = [null], testMethod = [null], testException = [null], mergedContextConfiguration = [WebMergedContextConfiguration@6b2e713b testClass = EmergencyDetectionSystemApplicationTests, locations = '{}', classes = '{class com.eds.eds.EmergencyDetectionSystemApplication}', contextInitializerClasses = '[]', activeProfiles = '{}', propertySourceLocations = '{}', propertySourceProperties = '{org.springframework.boot.test.context.SpringBootTestContextBootstrapper=true}', contextCustomizers = set[org.springframework.boot.test.autoconfigure.properties.PropertyMappingContextCustomizer@0, org.springframework.boot.test.autoconfigure.web.servlet.WebDriverContextCustomizerFactory$Customizer@32f0c21e, org.springframework.boot.test.context.filter.ExcludeFilterContextCustomizer@363289d2, org.springframework.boot.test.json.DuplicateJsonObjectContextCustomizerFactory$DuplicateJsonObjectContextCustomizer@330d79e1, org.springframework.boot.test.mock.mockito.MockitoContextCustomizer@0, org.springframework.boot.test.web.client.TestRestTemplateContextCustomizer@41a0f41e, org.springframework.boot.test.context.SpringBootTestArgs@1], resourceBasePath = 'src/main/webapp', contextLoader = 'org.springframework.boot.test.context.SpringBootContextLoader', parent = [null]], attributes = map['org.springframework.test.context.web.ServletTestExecutionListener.activateListener' -> true]], class annotated with @DirtiesContext [false] with mode [null].
23:46:46.872 [Test worker] DEBUG org.springframework.test.context.support.TestPropertySourceUtils - Adding inlined properties to environment: {spring.jmx.enabled=false, org.springframework.boot.test.context.SpringBootTestContextBootstrapper=true}

  .   ____          _            __ _ _
 /\\ / ___'_ __ _ _(_)_ __  __ _ \ \ \ \
( ( )\___ | '_ | '_| | '_ \/ _` | \ \ \ \
 \\/  ___)| |_)| | | | | || (_| |  ) ) ) )
  '  |____| .__|_| |_|_| |_\__, | / / / /
 =========|_|==============|___/=/_/_/_/
 :: Spring Boot ::        (v2.3.0.RELEASE)

2020-06-04 23:46:47.409  INFO 12068 --- [    Test worker] EmergencyDetectionSystemApplicationTests : Starting EmergencyDetectionSystemApplicationTests on sulemaez with PID 12068 (started by sulemaez in /home/sulemaez/Desktop/project/mainFiles/adminapi)
2020-06-04 23:46:47.412  INFO 12068 --- [    Test worker] EmergencyDetectionSystemApplicationTests : No active profile set, falling back to default profiles: default
2020-06-04 23:46:49.456  INFO 12068 --- [    Test worker] .s.d.r.c.RepositoryConfigurationDelegate : Bootstrapping Spring Data MongoDB repositories in DEFAULT mode.
2020-06-04 23:46:49.597  INFO 12068 --- [    Test worker] .s.d.r.c.RepositoryConfigurationDelegate : Finished Spring Data repository scanning in 133ms. Found 6 MongoDB repository interfaces.
2020-06-04 23:46:51.831  INFO 12068 --- [    Test worker] org.mongodb.driver.cluster               : Cluster created with settings {hosts=[127.0.0.1:27017], srvHost=cluster0-xezbq.mongodb.net, mode=MULTIPLE, requiredClusterType=REPLICA_SET, serverSelectionTimeout='30000 ms', requiredReplicaSetName='Cluster0-shard-0'}
2020-06-04 23:46:52.353  INFO 12068 --- [zbq.mongodb.net] org.mongodb.driver.cluster               : Adding discovered server cluster0-shard-00-02-xezbq.mongodb.net:27017 to client view of cluster
2020-06-04 23:46:52.452  INFO 12068 --- [zbq.mongodb.net] org.mongodb.driver.cluster               : Adding discovered server cluster0-shard-00-00-xezbq.mongodb.net:27017 to client view of cluster
2020-06-04 23:46:52.463  INFO 12068 --- [zbq.mongodb.net] org.mongodb.driver.cluster               : Adding discovered server cluster0-shard-00-01-xezbq.mongodb.net:27017 to client view of cluster
2020-06-04 23:46:53.310  INFO 12068 --- [    Test worker] .s.s.UserDetailsServiceAutoConfiguration : 

Using generated security password: 949c8a53-9a34-4d03-8994-2af76480eae9

2020-06-04 23:46:53.689  INFO 12068 --- [    Test worker] o.s.s.web.DefaultSecurityFilterChain     : Creating filter chain: any request, [org.springframework.security.web.context.request.async.WebAsyncManagerIntegrationFilter@5fa0fa2c, org.springframework.security.web.context.SecurityContextPersistenceFilter@40c653b6, org.springframework.security.web.header.HeaderWriterFilter@988c060, org.springframework.web.filter.CorsFilter@492fd413, org.springframework.security.web.authentication.logout.LogoutFilter@6c74709, org.springframework.security.web.savedrequest.RequestCacheAwareFilter@2d7cd00c, org.springframework.security.web.servletapi.SecurityContextHolderAwareRequestFilter@629e4525, org.springframework.security.web.authentication.AnonymousAuthenticationFilter@5d6aef28, org.springframework.security.web.session.SessionManagementFilter@608016b5, org.springframework.security.web.access.ExceptionTranslationFilter@4baeed5d, org.springframework.security.web.access.intercept.FilterSecurityInterceptor@531b7467]
2020-06-04 23:46:54.282  INFO 12068 --- [    Test worker] o.s.s.concurrent.ThreadPoolTaskExecutor  : Initializing ExecutorService 'applicationTaskExecutor'
2020-06-04 23:46:55.417  INFO 12068 --- [    Test worker] o.s.b.a.e.web.EndpointLinksResolver      : Exposing 2 endpoint(s) beneath base path '/actuator'
2020-06-04 23:46:55.710  INFO 12068 --- [    Test worker] EmergencyDetectionSystemApplicationTests : Started EmergencyDetectionSystemApplicationTests in 8.824 seconds (JVM running for 10.967)
2020-06-04 23:46:56.028  INFO 12068 --- [ngodb.net:27017] org.mongodb.driver.connection            : Opened connection [connectionId{localValue:1, serverValue:162117}] to cluster0-shard-00-02-xezbq.mongodb.net:27017
2020-06-04 23:46:56.030  INFO 12068 --- [ngodb.net:27017] org.mongodb.driver.connection            : Opened connection [connectionId{localValue:2, serverValue:123246}] to cluster0-shard-00-00-xezbq.mongodb.net:27017
2020-06-04 23:46:56.054  INFO 12068 --- [ngodb.net:27017] org.mongodb.driver.connection            : Opened connection [connectionId{localValue:3, serverValue:101450}] to cluster0-shard-00-01-xezbq.mongodb.net:27017
2020-06-04 23:46:56.349  INFO 12068 --- [ngodb.net:27017] org.mongodb.driver.cluster               : Monitor thread successfully connected to server with description ServerDescription{address=cluster0-shard-00-00-xezbq.mongodb.net:27017, type=REPLICA_SET_SECONDARY, state=CONNECTED, ok=true, minWireVersion=0, maxWireVersion=8, maxDocumentSize=16777216, logicalSessionTimeoutMinutes=30, roundTripTimeNanos=307854041, setName='Cluster0-shard-0', canonicalAddress=cluster0-shard-00-00-xezbq.mongodb.net:27017, hosts=[cluster0-shard-00-00-xezbq.mongodb.net:27017, cluster0-shard-00-01-xezbq.mongodb.net:27017, cluster0-shard-00-02-xezbq.mongodb.net:27017], passives=[], arbiters=[], primary='cluster0-shard-00-02-xezbq.mongodb.net:27017', tagSet=TagSet{[Tag{name='nodeType', value='ELECTABLE'}, Tag{name='provider', value='AWS'}, Tag{name='region', value='US_EAST_1'}]}, electionId=null, setVersion=3, lastWriteDate=Thu Jun 04 23:47:06 EAT 2020, lastUpdateTimeNanos=44085169301176}
2020-06-04 23:46:56.351  INFO 12068 --- [ngodb.net:27017] org.mongodb.driver.cluster               : Monitor thread successfully connected to server with description ServerDescription{address=cluster0-shard-00-02-xezbq.mongodb.net:27017, type=REPLICA_SET_PRIMARY, state=CONNECTED, ok=true, minWireVersion=0, maxWireVersion=8, maxDocumentSize=16777216, logicalSessionTimeoutMinutes=30, roundTripTimeNanos=298548658, setName='Cluster0-shard-0', canonicalAddress=cluster0-shard-00-02-xezbq.mongodb.net:27017, hosts=[cluster0-shard-00-00-xezbq.mongodb.net:27017, cluster0-shard-00-01-xezbq.mongodb.net:27017, cluster0-shard-00-02-xezbq.mongodb.net:27017], passives=[], arbiters=[], primary='cluster0-shard-00-02-xezbq.mongodb.net:27017', tagSet=TagSet{[Tag{name='nodeType', value='ELECTABLE'}, Tag{name='provider', value='AWS'}, Tag{name='region', value='US_EAST_1'}]}, electionId=7fffffff000000000000000c, setVersion=3, lastWriteDate=Thu Jun 04 23:47:06 EAT 2020, lastUpdateTimeNanos=44085164317008}
2020-06-04 23:46:56.357  INFO 12068 --- [ngodb.net:27017] org.mongodb.driver.cluster               : Setting max election id to 7fffffff000000000000000c from replica set primary cluster0-shard-00-02-xezbq.mongodb.net:27017
2020-06-04 23:46:56.358  INFO 12068 --- [ngodb.net:27017] org.mongodb.driver.cluster               : Setting max set version to 3 from replica set primary cluster0-shard-00-02-xezbq.mongodb.net:27017
2020-06-04 23:46:56.358  INFO 12068 --- [ngodb.net:27017] org.mongodb.driver.cluster               : Discovered replica set primary cluster0-shard-00-02-xezbq.mongodb.net:27017
2020-06-04 23:46:56.362  INFO 12068 --- [ngodb.net:27017] org.mongodb.driver.cluster               : Monitor thread successfully connected to server with description ServerDescription{address=cluster0-shard-00-01-xezbq.mongodb.net:27017, type=REPLICA_SET_SECONDARY, state=CONNECTED, ok=true, minWireVersion=0, maxWireVersion=8, maxDocumentSize=16777216, logicalSessionTimeoutMinutes=30, roundTripTimeNanos=307641746, setName='Cluster0-shard-0', canonicalAddress=cluster0-shard-00-01-xezbq.mongodb.net:27017, hosts=[cluster0-shard-00-00-xezbq.mongodb.net:27017, cluster0-shard-00-01-xezbq.mongodb.net:27017, cluster0-shard-00-02-xezbq.mongodb.net:27017], passives=[], arbiters=[], primary='cluster0-shard-00-02-xezbq.mongodb.net:27017', tagSet=TagSet{[Tag{name='nodeType', value='ELECTABLE'}, Tag{name='provider', value='AWS'}, Tag{name='region', value='US_EAST_1'}]}, electionId=null, setVersion=3, lastWriteDate=Thu Jun 04 23:47:06 EAT 2020, lastUpdateTimeNanos=44085190180763}
]]></system-out>
  <system-err><![CDATA[]]></system-err>
</testsuite>
